실행 시간: 2026-01-19 09:18:47
======================================================================
테이블 정보 추출 테스트
======================================================================
=== 문서 내 테이블 수: 1개 ===


============================================================
테이블 #0
============================================================
크기: 1행 x 1열
셀 수: 1개

셀          list_id    para_id    char_pos   ctrl_id   
------------------------------------------------------------
(0,0)     2          0          0                    

[좌표 → list_id 매핑]
행 0: (0,0)→2




======================================================================
테이블 #0 - 상세 정보
======================================================================

list_id    left     right    up       down     width      height    
----------------------------------------------------------------------
2          0        0        0        0        48186      32611     

[셀별 문단 (para) 정보]
----------------------------------------------------------------------
셀 (0,0) list_id=2: para_ids=[0, 1, 2, 3, 4, 5, 6, 7]




=== 문단 앞에 [list_id, para_id] 정보 삽입 ===

테이블 #0 처리 중...
  셀(0,0) - 삽입: [2, 0 | 돋움 10pt None 줄간:160%]
  셀(0,0) - 삽입: [2, 1 | 돋움 8pt None 줄간:160%]
  셀(0,0) - 삽입: [2, 2 | 함초롬바탕 5pt None 줄간:160%]
  셀(0,0) - 삽입: [2, 3 | 돋움 10pt None 줄간:160%]
  셀(0,0) - 삽입: [2, 4 | 함초롬바탕 10pt None 줄간:160%]
  셀(0,0) - 삽입: [2, 5 | 돋움 10pt None 줄간:160%]
  셀(0,0) - 삽입: [2, 6 | 함초롬바탕 10pt None 줄간:160%]
  셀(0,0) - 삽입: [2, 7 | 함초롬바탕 10pt None 줄간:160% | ctrl:그림(129.6x57.7mm)[글자취급]]
  → 총 8개 문단에 정보 삽입 완료




======================================================================
테이블 속성 및 필드 정보
======================================================================

──────────────────────────────────────────────────────────────────────
테이블 #0
──────────────────────────────────────────────────────────────────────

[테이블 속성 (Properties)]
  TreatAsChar: 1
  PageBreak: 2
  RepeatHeader: 1
  Width: 48186
  Height: 37091
  CellSpacing: 0
  CellMarginLeft: 141
  CellMarginRight: 141
  CellMarginTop: 141
  CellMarginBottom: 141

[테이블 필드 정보]
  셀(0,0) - CtrlID: gso, Desc: 그림

[셀 속성 정보 → 빨간색 텍스트로 삽입]
  셀(0,0) list_id=2: {(0,0) list:2 W:48186 H:37091 필드없음}
  → 총 1개 셀에 속성 정보 삽입 완료




======================================================================
필드 정보 추출
======================================================================

[일반 필드]
  (없음)

[셀 필드]
  (없음)

[누름틀 필드]
  (없음)

[컨트롤 기반 필드 검색]
  (없음)

총 0개 필드 발견


로그 저장 완료: logs/table_info_extract.log
